# JRE version: OpenJDK Runtime Environment Temurin-21.0.6+7 (21.0.6+7) (build 21.0.6+7-LTS)
# Java VM: OpenJDK 64-Bit Server VM Temurin-21.0.6+7 (21.0.6+7-LTS, mixed mode, sharing, tiered, compressed oops, compressed class ptrs, parallel gc, windows-amd64)
GC Precious Log:
 CardTable entry size: 512
 CPUs: 6 total, 6 available
 Memory: 16328M
 Large Page Support: Disabled
 NUMA Support: Disabled
 Compressed Oops: Enabled (32-bit)
 Alignments: Space 512K, Generation 512K, Heap 2M
 Heap Min Capacity: 100M
 Heap Initial Capacity: 100M
 Heap Max Capacity: 1G
 Pre-touch: Disabled
 Parallel Workers: 6
Heap:
 PSYoungGen      total 4096K, used 3520K [0x00000000eab00000, 0x00000000eb780000, 0x0000000100000000)
  eden space 3072K, 100% used [0x00000000eab00000,0x00000000eae00000,0x00000000eae00000)
  from space 1024K, 43% used [0x00000000eb580000,0x00000000eb5f0000,0x00000000eb680000)
  to   space 1024K, 46% used [0x00000000eb680000,0x00000000eb6f8000,0x00000000eb780000)
 ParOldGen       total 367104K, used 367062K [0x00000000c0000000, 0x00000000d6680000, 0x00000000eab00000)
  object space 367104K, 99% used [0x00000000c0000000,0x00000000d6675b08,0x00000000d6680000)
 Metaspace       used 48909K, committed 50112K, reserved 1114112K
  class space    used 5116K, committed 5632K, reserved 1048576K
GC Heap History (20 events):
Event: 9.628 GC heap before
{Heap before GC invocations=218 (full 2):
 PSYoungGen      total 3584K, used 3461K [0x00000000eab00000, 0x00000000eb780000, 0x0000000100000000)
  eden space 3072K, 100% used [0x00000000eab00000,0x00000000eae00000,0x00000000eae00000)
  from space 512K, 76% used [0x00000000eb680000,0x00000000eb6e1540,0x00000000eb700000)
  to   space 512K, 0% used [0x00000000eb700000,0x00000000eb700000,0x00000000eb780000)
 ParOldGen       total 363520K, used 363240K [0x00000000c0000000, 0x00000000d6300000, 0x00000000eab00000)
  object space 363520K, 99% used [0x00000000c0000000,0x00000000d62ba1b0,0x00000000d6300000)
 Metaspace       used 48909K, committed 50112K, reserved 1114112K
  class space    used 5116K, committed 5632K, reserved 1048576K
}
Event: 9.629 GC heap after
{Heap after GC invocations=218 (full 2):
 PSYoungGen      total 3584K, used 438K [0x00000000eab00000, 0x00000000eb780000, 0x0000000100000000)
  eden space 3072K, 0% used [0x00000000eab00000,0x00000000eab00000,0x00000000eae00000)
  from space 512K, 85% used [0x00000000eb700000,0x00000000eb76d808,0x00000000eb780000)
  to   space 512K, 0% used [0x00000000eb680000,0x00000000eb680000,0x00000000eb700000)
 ParOldGen       total 364032K, used 363544K [0x00000000c0000000, 0x00000000d6380000, 0x00000000eab00000)
  object space 364032K, 99% used [0x00000000c0000000,0x00000000d63061b0,0x00000000d6380000)
 Metaspace       used 48909K, committed 50112K, reserved 1114112K
  class space    used 5116K, committed 5632K, reserved 1048576K
}
Event: 9.640 GC heap before
{Heap before GC invocations=219 (full 2):
 PSYoungGen      total 3584K, used 3510K [0x00000000eab00000, 0x00000000eb780000, 0x0000000100000000)
  eden space 3072K, 100% used [0x00000000eab00000,0x00000000eae00000,0x00000000eae00000)
  from space 512K, 85% used [0x00000000eb700000,0x00000000eb76d808,0x00000000eb780000)
  to   space 512K, 0% used [0x00000000eb680000,0x00000000eb680000,0x00000000eb700000)
 ParOldGen       total 364032K, used 363544K [0x00000000c0000000, 0x00000000d6380000, 0x00000000eab00000)
  object space 364032K, 99% used [0x00000000c0000000,0x00000000d63061b0,0x00000000d6380000)
 Metaspace       used 48909K, committed 50112K, reserved 1114112K
  class space    used 5116K, committed 5632K, reserved 1048576K
}
Event: 9.643 GC heap after
{Heap after GC invocations=219 (full 2):
 PSYoungGen      total 3584K, used 352K [0x00000000eab00000, 0x00000000eb780000, 0x0000000100000000)
  eden space 3072K, 0% used [0x00000000eab00000,0x00000000eab00000,0x00000000eae00000)
  from space 512K, 68% used [0x00000000eb680000,0x00000000eb6d8000,0x00000000eb700000)
  to   space 512K, 0% used [0x00000000eb700000,0x00000000eb700000,0x00000000eb780000)
 ParOldGen       total 364032K, used 363934K [0x00000000c0000000, 0x00000000d6380000, 0x00000000eab00000)
  object space 364032K, 99% used [0x00000000c0000000,0x00000000d63679b8,0x00000000d6380000)
 Metaspace       used 48909K, committed 50112K, reserved 1114112K
  class space    used 5116K, committed 5632K, reserved 1048576K
}
Event: 9.650 GC heap before
{Heap before GC invocations=220 (full 2):
 PSYoungGen      total 3584K, used 3418K [0x00000000eab00000, 0x00000000eb780000, 0x0000000100000000)
  eden space 3072K, 99% used [0x00000000eab00000,0x00000000eadfeb70,0x00000000eae00000)
  from space 512K, 68% used [0x00000000eb680000,0x00000000eb6d8000,0x00000000eb700000)
  to   space 512K, 0% used [0x00000000eb700000,0x00000000eb700000,0x00000000eb780000)
 ParOldGen       total 364032K, used 363934K [0x00000000c0000000, 0x00000000d6380000, 0x00000000eab00000)
  object space 364032K, 99% used [0x00000000c0000000,0x00000000d63679b8,0x00000000d6380000)
 Metaspace       used 48909K, committed 50112K, reserved 1114112K
  class space    used 5116K, committed 5632K, reserved 1048576K
}
Event: 9.651 GC heap after
{Heap after GC invocations=220 (full 2):
 PSYoungGen      total 3584K, used 384K [0x00000000eab00000, 0x00000000eb780000, 0x0000000100000000)
  eden space 3072K, 0% used [0x00000000eab00000,0x00000000eab00000,0x00000000eae00000)
  from space 512K, 75% used [0x00000000eb700000,0x00000000eb760000,0x00000000eb780000)
  to   space 512K, 0% used [0x00000000eb680000,0x00000000eb680000,0x00000000eb700000)
 ParOldGen       total 364544K, used 364254K [0x00000000c0000000, 0x00000000d6400000, 0x00000000eab00000)
  object space 364544K, 99% used [0x00000000c0000000,0x00000000d63b79b8,0x00000000d6400000)
 Metaspace       used 48909K, committed 50112K, reserved 1114112K
  class space    used 5116K, committed 5632K, reserved 1048576K
}
Event: 9.659 GC heap before
{Heap before GC invocations=221 (full 2):
 PSYoungGen      total 3584K, used 3456K [0x00000000eab00000, 0x00000000eb780000, 0x0000000100000000)
  eden space 3072K, 100% used [0x00000000eab00000,0x00000000eae00000,0x00000000eae00000)
  from space 512K, 75% used [0x00000000eb700000,0x00000000eb760000,0x00000000eb780000)
  to   space 512K, 0% used [0x00000000eb680000,0x00000000eb680000,0x00000000eb700000)
 ParOldGen       total 364544K, used 364254K [0x00000000c0000000, 0x00000000d6400000, 0x00000000eab00000)
  object space 364544K, 99% used [0x00000000c0000000,0x00000000d63b79b8,0x00000000d6400000)
 Metaspace       used 48909K, committed 50112K, reserved 1114112K
  class space    used 5116K, committed 5632K, reserved 1048576K
}
Event: 9.660 GC heap after
{Heap after GC invocations=221 (full 2):
 PSYoungGen      total 3584K, used 416K [0x00000000eab00000, 0x00000000eb780000, 0x0000000100000000)
  eden space 3072K, 0% used [0x00000000eab00000,0x00000000eab00000,0x00000000eae00000)
  from space 512K, 81% used [0x00000000eb680000,0x00000000eb6e8000,0x00000000eb700000)
  to   space 512K, 0% used [0x00000000eb700000,0x00000000eb700000,0x00000000eb780000)
 ParOldGen       total 365056K, used 364590K [0x00000000c0000000, 0x00000000d6480000, 0x00000000eab00000)
  object space 365056K, 99% used [0x00000000c0000000,0x00000000d640b9b8,0x00000000d6480000)
 Metaspace       used 48909K, committed 50112K, reserved 1114112K
  class space    used 5116K, committed 5632K, reserved 1048576K
}
Event: 9.665 GC heap before
{Heap before GC invocations=222 (full 2):
 PSYoungGen      total 3584K, used 3488K [0x00000000eab00000, 0x00000000eb780000, 0x0000000100000000)
  eden space 3072K, 100% used [0x00000000eab00000,0x00000000eae00000,0x00000000eae00000)
  from space 512K, 81% used [0x00000000eb680000,0x00000000eb6e8000,0x00000000eb700000)
  to   space 512K, 0% used [0x00000000eb700000,0x00000000eb700000,0x00000000eb780000)
 ParOldGen       total 365056K, used 364590K [0x00000000c0000000, 0x00000000d6480000, 0x00000000eab00000)
  object space 365056K, 99% used [0x00000000c0000000,0x00000000d640b9b8,0x00000000d6480000)
 Metaspace       used 48909K, committed 50112K, reserved 1114112K
  class space    used 5116K, committed 5632K, reserved 1048576K
}
Event: 9.666 GC heap after
{Heap after GC invocations=222 (full 2):
 PSYoungGen      total 3584K, used 384K [0x00000000eab00000, 0x00000000eb780000, 0x0000000100000000)
  eden space 3072K, 0% used [0x00000000eab00000,0x00000000eab00000,0x00000000eae00000)
  from space 512K, 75% used [0x00000000eb700000,0x00000000eb760000,0x00000000eb780000)
  to   space 512K, 0% used [0x00000000eb680000,0x00000000eb680000,0x00000000eb700000)
 ParOldGen       total 365056K, used 364942K [0x00000000c0000000, 0x00000000d6480000, 0x00000000eab00000)
  object space 365056K, 99% used [0x00000000c0000000,0x00000000d64639b8,0x00000000d6480000)
 Metaspace       used 48909K, committed 50112K, reserved 1114112K
  class space    used 5116K, committed 5632K, reserved 1048576K
}
Event: 9.700 GC heap before
{Heap before GC invocations=223 (full 2):
 PSYoungGen      total 3584K, used 3456K [0x00000000eab00000, 0x00000000eb780000, 0x0000000100000000)
  eden space 3072K, 100% used [0x00000000eab00000,0x00000000eae00000,0x00000000eae00000)
  from space 512K, 75% used [0x00000000eb700000,0x00000000eb760000,0x00000000eb780000)
  to   space 512K, 0% used [0x00000000eb680000,0x00000000eb680000,0x00000000eb700000)
 ParOldGen       total 365056K, used 364942K [0x00000000c0000000, 0x00000000d6480000, 0x00000000eab00000)
  object space 365056K, 99% used [0x00000000c0000000,0x00000000d64639b8,0x00000000d6480000)
 Metaspace       used 48909K, committed 50112K, reserved 1114112K
  class space    used 5116K, committed 5632K, reserved 1048576K
}
Event: 9.703 GC heap after
{Heap after GC invocations=223 (full 2):
 PSYoungGen      total 3584K, used 393K [0x00000000eab00000, 0x00000000eb780000, 0x0000000100000000)
  eden space 3072K, 0% used [0x00000000eab00000,0x00000000eab00000,0x00000000eae00000)
  from space 512K, 76% used [0x00000000eb680000,0x00000000eb6e25b0,0x00000000eb700000)
  to   space 512K, 0% used [0x00000000eb700000,0x00000000eb700000,0x00000000eb780000)
 ParOldGen       total 365568K, used 365246K [0x00000000c0000000, 0x00000000d6500000, 0x00000000eab00000)
  object space 365568K, 99% used [0x00000000c0000000,0x00000000d64af9b8,0x00000000d6500000)
 Metaspace       used 48909K, committed 50112K, reserved 1114112K
  class space    used 5116K, committed 5632K, reserved 1048576K
}
Event: 9.710 GC heap before
{Heap before GC invocations=224 (full 2):
 PSYoungGen      total 3584K, used 3451K [0x00000000eab00000, 0x00000000eb780000, 0x0000000100000000)
  eden space 3072K, 99% used [0x00000000eab00000,0x00000000eadfc670,0x00000000eae00000)
  from space 512K, 76% used [0x00000000eb680000,0x00000000eb6e25b0,0x00000000eb700000)
  to   space 512K, 0% used [0x00000000eb700000,0x00000000eb700000,0x00000000eb780000)
 ParOldGen       total 365568K, used 365246K [0x00000000c0000000, 0x00000000d6500000, 0x00000000eab00000)
  object space 365568K, 99% used [0x00000000c0000000,0x00000000d64af9b8,0x00000000d6500000)
 Metaspace       used 48909K, committed 50112K, reserved 1114112K
  class space    used 5116K, committed 5632K, reserved 1048576K
}
Event: 9.712 GC heap after
{Heap after GC invocations=224 (full 2):
 PSYoungGen      total 3584K, used 480K [0x00000000eab00000, 0x00000000eb780000, 0x0000000100000000)
  eden space 3072K, 0% used [0x00000000eab00000,0x00000000eab00000,0x00000000eae00000)
  from space 512K, 93% used [0x00000000eb700000,0x00000000eb778000,0x00000000eb780000)
  to   space 512K, 0% used [0x00000000eb680000,0x00000000eb680000,0x00000000eb700000)
 ParOldGen       total 365568K, used 365544K [0x00000000c0000000, 0x00000000d6500000, 0x00000000eab00000)
  object space 365568K, 99% used [0x00000000c0000000,0x00000000d64fa300,0x00000000d6500000)
 Metaspace       used 48909K, committed 50112K, reserved 1114112K
  class space    used 5116K, committed 5632K, reserved 1048576K
}
Event: 9.719 GC heap before
{Heap before GC invocations=225 (full 2):
 PSYoungGen      total 3584K, used 3552K [0x00000000eab00000, 0x00000000eb780000, 0x0000000100000000)
  eden space 3072K, 100% used [0x00000000eab00000,0x00000000eae00000,0x00000000eae00000)
  from space 512K, 93% used [0x00000000eb700000,0x00000000eb778000,0x00000000eb780000)
  to   space 512K, 0% used [0x00000000eb680000,0x00000000eb680000,0x00000000eb700000)
 ParOldGen       total 365568K, used 365544K [0x00000000c0000000, 0x00000000d6500000, 0x00000000eab00000)
  object space 365568K, 99% used [0x00000000c0000000,0x00000000d64fa300,0x00000000d6500000)
 Metaspace       used 48909K, committed 50112K, reserved 1114112K
  class space    used 5116K, committed 5632K, reserved 1048576K
}
Event: 9.721 GC heap after
{Heap after GC invocations=225 (full 2):
 PSYoungGen      total 3584K, used 443K [0x00000000eab00000, 0x00000000eb780000, 0x0000000100000000)
  eden space 3072K, 0% used [0x00000000eab00000,0x00000000eab00000,0x00000000eae00000)
  from space 512K, 86% used [0x00000000eb680000,0x00000000eb6eec08,0x00000000eb700000)
  to   space 512K, 0% used [0x00000000eb700000,0x00000000eb700000,0x00000000eb780000)
 ParOldGen       total 366080K, used 365920K [0x00000000c0000000, 0x00000000d6580000, 0x00000000eab00000)
  object space 366080K, 99% used [0x00000000c0000000,0x00000000d6558300,0x00000000d6580000)
 Metaspace       used 48909K, committed 50112K, reserved 1114112K
  class space    used 5116K, committed 5632K, reserved 1048576K
}
Event: 9.730 GC heap before
{Heap before GC invocations=226 (full 2):
 PSYoungGen      total 3584K, used 3515K [0x00000000eab00000, 0x00000000eb780000, 0x0000000100000000)
  eden space 3072K, 100% used [0x00000000eab00000,0x00000000eae00000,0x00000000eae00000)
  from space 512K, 86% used [0x00000000eb680000,0x00000000eb6eec08,0x00000000eb700000)
  to   space 512K, 0% used [0x00000000eb700000,0x00000000eb700000,0x00000000eb780000)
 ParOldGen       total 366080K, used 365920K [0x00000000c0000000, 0x00000000d6580000, 0x00000000eab00000)
  object space 366080K, 99% used [0x00000000c0000000,0x00000000d6558300,0x00000000d6580000)
 Metaspace       used 48909K, committed 50112K, reserved 1114112K
  class space    used 5116K, committed 5632K, reserved 1048576K
}
Event: 9.732 GC heap after
{Heap after GC invocations=226 (full 2):
 PSYoungGen      total 3584K, used 502K [0x00000000eab00000, 0x00000000eb780000, 0x0000000100000000)
  eden space 3072K, 0% used [0x00000000eab00000,0x00000000eab00000,0x00000000eae00000)
  from space 512K, 98% used [0x00000000eb700000,0x00000000eb77d808,0x00000000eb780000)
  to   space 1024K, 0% used [0x00000000eb580000,0x00000000eb580000,0x00000000eb680000)
 ParOldGen       total 366592K, used 366256K [0x00000000c0000000, 0x00000000d6600000, 0x00000000eab00000)
  object space 366592K, 99% used [0x00000000c0000000,0x00000000d65ac300,0x00000000d6600000)
 Metaspace       used 48909K, committed 50112K, reserved 1114112K
  class space    used 5116K, committed 5632K, reserved 1048576K
}
Event: 9.741 GC heap before
{Heap before GC invocations=227 (full 2):
 PSYoungGen      total 3584K, used 3574K [0x00000000eab00000, 0x00000000eb780000, 0x0000000100000000)
  eden space 3072K, 100% used [0x00000000eab00000,0x00000000eae00000,0x00000000eae00000)
  from space 512K, 98% used [0x00000000eb700000,0x00000000eb77d808,0x00000000eb780000)
  to   space 1024K, 0% used [0x00000000eb580000,0x00000000eb580000,0x00000000eb680000)
 ParOldGen       total 366592K, used 366256K [0x00000000c0000000, 0x00000000d6600000, 0x00000000eab00000)
  object space 366592K, 99% used [0x00000000c0000000,0x00000000d65ac300,0x00000000d6600000)
 Metaspace       used 48909K, committed 50112K, reserved 1114112K
  class space    used 5116K, committed 5632K, reserved 1048576K
}
Event: 9.742 GC heap after
{Heap after GC invocations=227 (full 2):
 PSYoungGen      total 4096K, used 448K [0x00000000eab00000, 0x00000000eb780000, 0x0000000100000000)
  eden space 3072K, 0% used [0x00000000eab00000,0x00000000eab00000,0x00000000eae00000)
  from space 1024K, 43% used [0x00000000eb580000,0x00000000eb5f0000,0x00000000eb680000)
  to   space 1024K, 0% used [0x00000000eb680000,0x00000000eb680000,0x00000000eb780000)
 ParOldGen       total 367104K, used 366718K [0x00000000c0000000, 0x00000000d6680000, 0x00000000eab00000)
  object space 367104K, 99% used [0x00000000c0000000,0x00000000d661fb08,0x00000000d6680000)
 Metaspace       used 48909K, committed 50112K, reserved 1114112K
  class space    used 5116K, committed 5632K, reserved 1048576K
}

