# JRE version: OpenJDK Runtime Environment Temurin-21.0.6+7 (21.0.6+7) (build 21.0.6+7-LTS)
# Java VM: OpenJDK 64-Bit Server VM Temurin-21.0.6+7 (21.0.6+7-LTS, mixed mode, sharing, tiered, compressed oops, compressed class ptrs, parallel gc, windows-amd64)
GC Precious Log:
 CardTable entry size: 512
 CPUs: 6 total, 6 available
 Memory: 16328M
 Large Page Support: Disabled
 NUMA Support: Disabled
 Compressed Oops: Enabled (32-bit)
 Alignments: Space 512K, Generation 512K, Heap 2M
 Heap Min Capacity: 100M
 Heap Initial Capacity: 100M
 Heap Max Capacity: 1G
 Pre-touch: Disabled
 Parallel Workers: 6
Heap:
 PSYoungGen      total 4096K, used 4096K [0x00000000eab00000, 0x00000000eb000000, 0x0000000100000000)
  eden space 3584K, 100% used [0x00000000eab00000,0x00000000eae80000,0x00000000eae80000)
  from space 512K, 100% used [0x00000000eaf80000,0x00000000eb000000,0x00000000eb000000)
  to   space 512K, 93% used [0x00000000eaf00000,0x00000000eaf78000,0x00000000eaf80000)
 ParOldGen       total 519168K, used 518716K [0x00000000c0000000, 0x00000000dfb00000, 0x00000000eab00000)
  object space 519168K, 99% used [0x00000000c0000000,0x00000000dfa8f028,0x00000000dfb00000)
 Metaspace       used 49438K, committed 50624K, reserved 1114112K
  class space    used 5172K, committed 5696K, reserved 1048576K
GC Heap History (20 events):
Event: 22.336 GC heap before
{Heap before GC invocations=528 (full 2):
 PSYoungGen      total 5120K, used 4640K [0x00000000eab00000, 0x00000000eb100000, 0x0000000100000000)
  eden space 4096K, 100% used [0x00000000eab00000,0x00000000eaf00000,0x00000000eaf00000)
  from space 1024K, 53% used [0x00000000eaf00000,0x00000000eaf88000,0x00000000eb000000)
  to   space 1024K, 0% used [0x00000000eb000000,0x00000000eb000000,0x00000000eb100000)
 ParOldGen       total 513536K, used 513174K [0x00000000c0000000, 0x00000000df580000, 0x00000000eab00000)
  object space 513536K, 99% used [0x00000000c0000000,0x00000000df525bc0,0x00000000df580000)
 Metaspace       used 49438K, committed 50624K, reserved 1114112K
  class space    used 5172K, committed 5696K, reserved 1048576K
}
Event: 22.337 GC heap after
{Heap after GC invocations=528 (full 2):
 PSYoungGen      total 5120K, used 662K [0x00000000eab00000, 0x00000000eb100000, 0x0000000100000000)
  eden space 4096K, 0% used [0x00000000eab00000,0x00000000eab00000,0x00000000eaf00000)
  from space 1024K, 64% used [0x00000000eb000000,0x00000000eb0a5808,0x00000000eb100000)
  to   space 1024K, 0% used [0x00000000eaf00000,0x00000000eaf00000,0x00000000eb000000)
 ParOldGen       total 514048K, used 513622K [0x00000000c0000000, 0x00000000df600000, 0x00000000eab00000)
  object space 514048K, 99% used [0x00000000c0000000,0x00000000df595bc0,0x00000000df600000)
 Metaspace       used 49438K, committed 50624K, reserved 1114112K
  class space    used 5172K, committed 5696K, reserved 1048576K
}
Event: 22.342 GC heap before
{Heap before GC invocations=529 (full 2):
 PSYoungGen      total 5120K, used 4752K [0x00000000eab00000, 0x00000000eb100000, 0x0000000100000000)
  eden space 4096K, 99% used [0x00000000eab00000,0x00000000eaefea78,0x00000000eaf00000)
  from space 1024K, 64% used [0x00000000eb000000,0x00000000eb0a5808,0x00000000eb100000)
  to   space 1024K, 0% used [0x00000000eaf00000,0x00000000eaf00000,0x00000000eb000000)
 ParOldGen       total 514048K, used 513622K [0x00000000c0000000, 0x00000000df600000, 0x00000000eab00000)
  object space 514048K, 99% used [0x00000000c0000000,0x00000000df595bc0,0x00000000df600000)
 Metaspace       used 49438K, committed 50624K, reserved 1114112K
  class space    used 5172K, committed 5696K, reserved 1048576K
}
Event: 22.344 GC heap after
{Heap after GC invocations=529 (full 2):
 PSYoungGen      total 5120K, used 576K [0x00000000eab00000, 0x00000000eb100000, 0x0000000100000000)
  eden space 4096K, 0% used [0x00000000eab00000,0x00000000eab00000,0x00000000eaf00000)
  from space 1024K, 56% used [0x00000000eaf00000,0x00000000eaf90000,0x00000000eb000000)
  to   space 1024K, 0% used [0x00000000eb000000,0x00000000eb000000,0x00000000eb100000)
 ParOldGen       total 514560K, used 514180K [0x00000000c0000000, 0x00000000df680000, 0x00000000eab00000)
  object space 514560K, 99% used [0x00000000c0000000,0x00000000df6213c8,0x00000000df680000)
 Metaspace       used 49438K, committed 50624K, reserved 1114112K
  class space    used 5172K, committed 5696K, reserved 1048576K
}
Event: 22.350 GC heap before
{Heap before GC invocations=530 (full 2):
 PSYoungGen      total 5120K, used 4672K [0x00000000eab00000, 0x00000000eb100000, 0x0000000100000000)
  eden space 4096K, 100% used [0x00000000eab00000,0x00000000eaf00000,0x00000000eaf00000)
  from space 1024K, 56% used [0x00000000eaf00000,0x00000000eaf90000,0x00000000eb000000)
  to   space 1024K, 0% used [0x00000000eb000000,0x00000000eb000000,0x00000000eb100000)
 ParOldGen       total 514560K, used 514180K [0x00000000c0000000, 0x00000000df680000, 0x00000000eab00000)
  object space 514560K, 99% used [0x00000000c0000000,0x00000000df6213c8,0x00000000df680000)
 Metaspace       used 49438K, committed 50624K, reserved 1114112K
  class space    used 5172K, committed 5696K, reserved 1048576K
}
Event: 22.352 GC heap after
{Heap after GC invocations=530 (full 2):
 PSYoungGen      total 5120K, used 480K [0x00000000eab00000, 0x00000000eb100000, 0x0000000100000000)
  eden space 4096K, 0% used [0x00000000eab00000,0x00000000eab00000,0x00000000eaf00000)
  from space 1024K, 46% used [0x00000000eb000000,0x00000000eb078000,0x00000000eb100000)
  to   space 1024K, 0% used [0x00000000eaf00000,0x00000000eaf00000,0x00000000eb000000)
 ParOldGen       total 515072K, used 514708K [0x00000000c0000000, 0x00000000df700000, 0x00000000eab00000)
  object space 515072K, 99% used [0x00000000c0000000,0x00000000df6a53c8,0x00000000df700000)
 Metaspace       used 49438K, committed 50624K, reserved 1114112K
  class space    used 5172K, committed 5696K, reserved 1048576K
}
Event: 22.383 GC heap before
{Heap before GC invocations=531 (full 2):
 PSYoungGen      total 5120K, used 4576K [0x00000000eab00000, 0x00000000eb100000, 0x0000000100000000)
  eden space 4096K, 100% used [0x00000000eab00000,0x00000000eaf00000,0x00000000eaf00000)
  from space 1024K, 46% used [0x00000000eb000000,0x00000000eb078000,0x00000000eb100000)
  to   space 1024K, 0% used [0x00000000eaf00000,0x00000000eaf00000,0x00000000eb000000)
 ParOldGen       total 515072K, used 514708K [0x00000000c0000000, 0x00000000df700000, 0x00000000eab00000)
  object space 515072K, 99% used [0x00000000c0000000,0x00000000df6a53c8,0x00000000df700000)
 Metaspace       used 49438K, committed 50624K, reserved 1114112K
  class space    used 5172K, committed 5696K, reserved 1048576K
}
Event: 22.384 GC heap after
{Heap after GC invocations=531 (full 2):
 PSYoungGen      total 5120K, used 383K [0x00000000eab00000, 0x00000000eb080000, 0x0000000100000000)
  eden space 4096K, 0% used [0x00000000eab00000,0x00000000eab00000,0x00000000eaf00000)
  from space 1024K, 37% used [0x00000000eaf00000,0x00000000eaf5ffb8,0x00000000eb000000)
  to   space 512K, 0% used [0x00000000eb000000,0x00000000eb000000,0x00000000eb080000)
 ParOldGen       total 515584K, used 515124K [0x00000000c0000000, 0x00000000df780000, 0x00000000eab00000)
  object space 515584K, 99% used [0x00000000c0000000,0x00000000df70d3c8,0x00000000df780000)
 Metaspace       used 49438K, committed 50624K, reserved 1114112K
  class space    used 5172K, committed 5696K, reserved 1048576K
}
Event: 22.394 GC heap before
{Heap before GC invocations=532 (full 2):
 PSYoungGen      total 5120K, used 4471K [0x00000000eab00000, 0x00000000eb080000, 0x0000000100000000)
  eden space 4096K, 99% used [0x00000000eab00000,0x00000000eaefdf40,0x00000000eaf00000)
  from space 1024K, 37% used [0x00000000eaf00000,0x00000000eaf5ffb8,0x00000000eb000000)
  to   space 512K, 0% used [0x00000000eb000000,0x00000000eb000000,0x00000000eb080000)
 ParOldGen       total 515584K, used 515124K [0x00000000c0000000, 0x00000000df780000, 0x00000000eab00000)
  object space 515584K, 99% used [0x00000000c0000000,0x00000000df70d3c8,0x00000000df780000)
 Metaspace       used 49438K, committed 50624K, reserved 1114112K
  class space    used 5172K, committed 5696K, reserved 1048576K
}
Event: 22.396 GC heap after
{Heap after GC invocations=532 (full 2):
 PSYoungGen      total 4096K, used 507K [0x00000000eab00000, 0x00000000eb200000, 0x0000000100000000)
  eden space 3584K, 0% used [0x00000000eab00000,0x00000000eab00000,0x00000000eae80000)
  from space 512K, 99% used [0x00000000eb000000,0x00000000eb07ec08,0x00000000eb080000)
  to   space 1536K, 0% used [0x00000000eae80000,0x00000000eae80000,0x00000000eb000000)
 ParOldGen       total 515584K, used 515556K [0x00000000c0000000, 0x00000000df780000, 0x00000000eab00000)
  object space 515584K, 99% used [0x00000000c0000000,0x00000000df779380,0x00000000df780000)
 Metaspace       used 49438K, committed 50624K, reserved 1114112K
  class space    used 5172K, committed 5696K, reserved 1048576K
}
Event: 22.403 GC heap before
{Heap before GC invocations=533 (full 2):
 PSYoungGen      total 4096K, used 4084K [0x00000000eab00000, 0x00000000eb200000, 0x0000000100000000)
  eden space 3584K, 99% used [0x00000000eab00000,0x00000000eae7e4a0,0x00000000eae80000)
  from space 512K, 99% used [0x00000000eb000000,0x00000000eb07ec08,0x00000000eb080000)
  to   space 1536K, 0% used [0x00000000eae80000,0x00000000eae80000,0x00000000eb000000)
 ParOldGen       total 515584K, used 515556K [0x00000000c0000000, 0x00000000df780000, 0x00000000eab00000)
  object space 515584K, 99% used [0x00000000c0000000,0x00000000df779380,0x00000000df780000)
 Metaspace       used 49438K, committed 50624K, reserved 1114112K
  class space    used 5172K, committed 5696K, reserved 1048576K
}
Event: 22.404 GC heap after
{Heap after GC invocations=533 (full 2):
 PSYoungGen      total 4096K, used 480K [0x00000000eab00000, 0x00000000eb080000, 0x0000000100000000)
  eden space 3584K, 0% used [0x00000000eab00000,0x00000000eab00000,0x00000000eae80000)
  from space 512K, 93% used [0x00000000eae80000,0x00000000eaef8000,0x00000000eaf00000)
  to   space 1024K, 0% used [0x00000000eaf80000,0x00000000eaf80000,0x00000000eb080000)
 ParOldGen       total 516096K, used 516039K [0x00000000c0000000, 0x00000000df800000, 0x00000000eab00000)
  object space 516096K, 99% used [0x00000000c0000000,0x00000000df7f1f88,0x00000000df800000)
 Metaspace       used 49438K, committed 50624K, reserved 1114112K
  class space    used 5172K, committed 5696K, reserved 1048576K
}
Event: 22.412 GC heap before
{Heap before GC invocations=534 (full 2):
 PSYoungGen      total 4096K, used 4064K [0x00000000eab00000, 0x00000000eb080000, 0x0000000100000000)
  eden space 3584K, 100% used [0x00000000eab00000,0x00000000eae80000,0x00000000eae80000)
  from space 512K, 93% used [0x00000000eae80000,0x00000000eaef8000,0x00000000eaf00000)
  to   space 1024K, 0% used [0x00000000eaf80000,0x00000000eaf80000,0x00000000eb080000)
 ParOldGen       total 516096K, used 516039K [0x00000000c0000000, 0x00000000df800000, 0x00000000eab00000)
  object space 516096K, 99% used [0x00000000c0000000,0x00000000df7f1f88,0x00000000df800000)
 Metaspace       used 49438K, committed 50624K, reserved 1114112K
  class space    used 5172K, committed 5696K, reserved 1048576K
}
Event: 22.414 GC heap after
{Heap after GC invocations=534 (full 2):
 PSYoungGen      total 4608K, used 598K [0x00000000eab00000, 0x00000000eb080000, 0x0000000100000000)
  eden space 3584K, 0% used [0x00000000eab00000,0x00000000eab00000,0x00000000eae80000)
  from space 1024K, 58% used [0x00000000eaf80000,0x00000000eb015808,0x00000000eb080000)
  to   space 1024K, 0% used [0x00000000eae80000,0x00000000eae80000,0x00000000eaf80000)
 ParOldGen       total 516608K, used 516479K [0x00000000c0000000, 0x00000000df880000, 0x00000000eab00000)
  object space 516608K, 99% used [0x00000000c0000000,0x00000000df85ff88,0x00000000df880000)
 Metaspace       used 49438K, committed 50624K, reserved 1114112K
  class space    used 5172K, committed 5696K, reserved 1048576K
}
Event: 22.420 GC heap before
{Heap before GC invocations=535 (full 2):
 PSYoungGen      total 4608K, used 4182K [0x00000000eab00000, 0x00000000eb080000, 0x0000000100000000)
  eden space 3584K, 100% used [0x00000000eab00000,0x00000000eae80000,0x00000000eae80000)
  from space 1024K, 58% used [0x00000000eaf80000,0x00000000eb015808,0x00000000eb080000)
  to   space 1024K, 0% used [0x00000000eae80000,0x00000000eae80000,0x00000000eaf80000)
 ParOldGen       total 516608K, used 516479K [0x00000000c0000000, 0x00000000df880000, 0x00000000eab00000)
  object space 516608K, 99% used [0x00000000c0000000,0x00000000df85ff88,0x00000000df880000)
 Metaspace       used 49438K, committed 50624K, reserved 1114112K
  class space    used 5172K, committed 5696K, reserved 1048576K
}
Event: 22.422 GC heap after
{Heap after GC invocations=535 (full 2):
 PSYoungGen      total 4608K, used 480K [0x00000000eab00000, 0x00000000eb080000, 0x0000000100000000)
  eden space 3584K, 0% used [0x00000000eab00000,0x00000000eab00000,0x00000000eae80000)
  from space 1024K, 46% used [0x00000000eae80000,0x00000000eaef8000,0x00000000eaf80000)
  to   space 1024K, 0% used [0x00000000eaf80000,0x00000000eaf80000,0x00000000eb080000)
 ParOldGen       total 517120K, used 516965K [0x00000000c0000000, 0x00000000df900000, 0x00000000eab00000)
  object space 517120K, 99% used [0x00000000c0000000,0x00000000df8d9790,0x00000000df900000)
 Metaspace       used 49438K, committed 50624K, reserved 1114112K
  class space    used 5172K, committed 5696K, reserved 1048576K
}
Event: 22.458 GC heap before
{Heap before GC invocations=536 (full 2):
 PSYoungGen      total 4608K, used 4064K [0x00000000eab00000, 0x00000000eb080000, 0x0000000100000000)
  eden space 3584K, 100% used [0x00000000eab00000,0x00000000eae80000,0x00000000eae80000)
  from space 1024K, 46% used [0x00000000eae80000,0x00000000eaef8000,0x00000000eaf80000)
  to   space 1024K, 0% used [0x00000000eaf80000,0x00000000eaf80000,0x00000000eb080000)
 ParOldGen       total 517120K, used 516965K [0x00000000c0000000, 0x00000000df900000, 0x00000000eab00000)
  object space 517120K, 99% used [0x00000000c0000000,0x00000000df8d9790,0x00000000df900000)
 Metaspace       used 49438K, committed 50624K, reserved 1114112K
  class space    used 5172K, committed 5696K, reserved 1048576K
}
Event: 22.460 GC heap after
{Heap after GC invocations=536 (full 2):
 PSYoungGen      total 4096K, used 478K [0x00000000eab00000, 0x00000000eb000000, 0x0000000100000000)
  eden space 3584K, 0% used [0x00000000eab00000,0x00000000eab00000,0x00000000eae80000)
  from space 512K, 93% used [0x00000000eaf80000,0x00000000eaff78a8,0x00000000eb000000)
  to   space 512K, 0% used [0x00000000eaf00000,0x00000000eaf00000,0x00000000eaf80000)
 ParOldGen       total 517632K, used 517349K [0x00000000c0000000, 0x00000000df980000, 0x00000000eab00000)
  object space 517632K, 99% used [0x00000000c0000000,0x00000000df939790,0x00000000df980000)
 Metaspace       used 49438K, committed 50624K, reserved 1114112K
  class space    used 5172K, committed 5696K, reserved 1048576K
}
Event: 22.466 GC heap before
{Heap before GC invocations=537 (full 2):
 PSYoungGen      total 4096K, used 4062K [0x00000000eab00000, 0x00000000eb000000, 0x0000000100000000)
  eden space 3584K, 100% used [0x00000000eab00000,0x00000000eae80000,0x00000000eae80000)
  from space 512K, 93% used [0x00000000eaf80000,0x00000000eaff78a8,0x00000000eb000000)
  to   space 512K, 0% used [0x00000000eaf00000,0x00000000eaf00000,0x00000000eaf80000)
 ParOldGen       total 517632K, used 517349K [0x00000000c0000000, 0x00000000df980000, 0x00000000eab00000)
  object space 517632K, 99% used [0x00000000c0000000,0x00000000df939790,0x00000000df980000)
 Metaspace       used 49438K, committed 50624K, reserved 1114112K
  class space    used 5172K, committed 5696K, reserved 1048576K
}
Event: 22.467 GC heap after
{Heap after GC invocations=537 (full 2):
 PSYoungGen      total 4096K, used 448K [0x00000000eab00000, 0x00000000eb000000, 0x0000000100000000)
  eden space 3584K, 0% used [0x00000000eab00000,0x00000000eab00000,0x00000000eae80000)
  from space 512K, 87% used [0x00000000eaf00000,0x00000000eaf70000,0x00000000eaf80000)
  to   space 512K, 0% used [0x00000000eaf80000,0x00000000eaf80000,0x00000000eb000000)
 ParOldGen       total 518144K, used 517735K [0x00000000c0000000, 0x00000000dfa00000, 0x00000000eab00000)
  object space 518144K, 99% used [0x00000000c0000000,0x00000000df999e20,0x00000000dfa00000)
 Metaspace       used 49438K, committed 50624K, reserved 1114112K
  class space    used 5172K, committed 5696K, reserved 1048576K
}

