# JRE version: OpenJDK Runtime Environment Temurin-21.0.6+7 (21.0.6+7) (build 21.0.6+7-LTS)
# Java VM: OpenJDK 64-Bit Server VM Temurin-21.0.6+7 (21.0.6+7-LTS, mixed mode, sharing, tiered, compressed oops, compressed class ptrs, parallel gc, windows-amd64)
GC Precious Log:
 CardTable entry size: 512
 CPUs: 6 total, 6 available
 Memory: 16328M
 Large Page Support: Disabled
 NUMA Support: Disabled
 Compressed Oops: Enabled (32-bit)
 Alignments: Space 512K, Generation 512K, Heap 2M
 Heap Min Capacity: 100M
 Heap Initial Capacity: 100M
 Heap Max Capacity: 1G
 Pre-touch: Disabled
 Parallel Workers: 6
Heap:
 PSYoungGen      total 11776K, used 2988K [0x00000000eab00000, 0x00000000ebb00000, 0x0000000100000000)
  eden space 9216K, 7% used [0x00000000eab00000,0x00000000eabb83a0,0x00000000eb400000)
  from space 2560K, 87% used [0x00000000eb400000,0x00000000eb632d28,0x00000000eb680000)
  to   space 3584K, 0% used [0x00000000eb780000,0x00000000eb780000,0x00000000ebb00000)
 ParOldGen       total 111104K, used 110948K [0x00000000c0000000, 0x00000000c6c80000, 0x00000000eab00000)
  object space 111104K, 99% used [0x00000000c0000000,0x00000000c6c590b0,0x00000000c6c80000)
 Metaspace       used 49040K, committed 50176K, reserved 1114112K
  class space    used 5133K, committed 5632K, reserved 1048576K
GC Heap History (20 events):
Event: 7.299 GC heap before
{Heap before GC invocations=39 (full 2):
 PSYoungGen      total 16896K, used 16455K [0x00000000eab00000, 0x00000000ec080000, 0x0000000100000000)
  eden space 13312K, 100% used [0x00000000eab00000,0x00000000eb800000,0x00000000eb800000)
  from space 3584K, 87% used [0x00000000ebd00000,0x00000000ec011c90,0x00000000ec080000)
  to   space 3584K, 0% used [0x00000000eb800000,0x00000000eb800000,0x00000000ebb80000)
 ParOldGen       total 78336K, used 77946K [0x00000000c0000000, 0x00000000c4c80000, 0x00000000eab00000)
  object space 78336K, 99% used [0x00000000c0000000,0x00000000c4c1ea08,0x00000000c4c80000)
 Metaspace       used 49039K, committed 50176K, reserved 1114112K
  class space    used 5133K, committed 5632K, reserved 1048576K
}
Event: 7.303 GC heap after
{Heap after GC invocations=39 (full 2):
 PSYoungGen      total 16896K, used 3583K [0x00000000eab00000, 0x00000000ec700000, 0x0000000100000000)
  eden space 13312K, 0% used [0x00000000eab00000,0x00000000eab00000,0x00000000eb800000)
  from space 3584K, 99% used [0x00000000eb800000,0x00000000ebb7fe20,0x00000000ebb80000)
  to   space 7680K, 0% used [0x00000000ebf80000,0x00000000ebf80000,0x00000000ec700000)
 ParOldGen       total 81408K, used 80956K [0x00000000c0000000, 0x00000000c4f80000, 0x00000000eab00000)
  object space 81408K, 99% used [0x00000000c0000000,0x00000000c4f0f3d0,0x00000000c4f80000)
 Metaspace       used 49039K, committed 50176K, reserved 1114112K
  class space    used 5133K, committed 5632K, reserved 1048576K
}
Event: 7.355 GC heap before
{Heap before GC invocations=40 (full 2):
 PSYoungGen      total 16896K, used 16895K [0x00000000eab00000, 0x00000000ec700000, 0x0000000100000000)
  eden space 13312K, 100% used [0x00000000eab00000,0x00000000eb800000,0x00000000eb800000)
  from space 3584K, 99% used [0x00000000eb800000,0x00000000ebb7fe20,0x00000000ebb80000)
  to   space 7680K, 0% used [0x00000000ebf80000,0x00000000ebf80000,0x00000000ec700000)
 ParOldGen       total 81408K, used 80956K [0x00000000c0000000, 0x00000000c4f80000, 0x00000000eab00000)
  object space 81408K, 99% used [0x00000000c0000000,0x00000000c4f0f3d0,0x00000000c4f80000)
 Metaspace       used 49039K, committed 50176K, reserved 1114112K
  class space    used 5133K, committed 5632K, reserved 1048576K
}
Event: 7.358 GC heap after
{Heap after GC invocations=40 (full 2):
 PSYoungGen      total 16896K, used 3179K [0x00000000eab00000, 0x00000000ec300000, 0x0000000100000000)
  eden space 13312K, 0% used [0x00000000eab00000,0x00000000eab00000,0x00000000eb800000)
  from space 3584K, 88% used [0x00000000ebf80000,0x00000000ec29ad20,0x00000000ec300000)
  to   space 4608K, 0% used [0x00000000eba00000,0x00000000eba00000,0x00000000ebe80000)
 ParOldGen       total 84480K, used 84352K [0x00000000c0000000, 0x00000000c5280000, 0x00000000eab00000)
  object space 84480K, 99% used [0x00000000c0000000,0x00000000c5260148,0x00000000c5280000)
 Metaspace       used 49039K, committed 50176K, reserved 1114112K
  class space    used 5133K, committed 5632K, reserved 1048576K
}
Event: 7.416 GC heap before
{Heap before GC invocations=41 (full 2):
 PSYoungGen      total 16896K, used 16491K [0x00000000eab00000, 0x00000000ec300000, 0x0000000100000000)
  eden space 13312K, 100% used [0x00000000eab00000,0x00000000eb800000,0x00000000eb800000)
  from space 3584K, 88% used [0x00000000ebf80000,0x00000000ec29ad20,0x00000000ec300000)
  to   space 4608K, 0% used [0x00000000eba00000,0x00000000eba00000,0x00000000ebe80000)
 ParOldGen       total 84480K, used 84352K [0x00000000c0000000, 0x00000000c5280000, 0x00000000eab00000)
  object space 84480K, 99% used [0x00000000c0000000,0x00000000c5260148,0x00000000c5280000)
 Metaspace       used 49039K, committed 50176K, reserved 1114112K
  class space    used 5133K, committed 5632K, reserved 1048576K
}
Event: 7.419 GC heap after
{Heap after GC invocations=41 (full 2):
 PSYoungGen      total 16384K, used 3070K [0x00000000eab00000, 0x00000000ec000000, 0x0000000100000000)
  eden space 13312K, 0% used [0x00000000eab00000,0x00000000eab00000,0x00000000eb800000)
  from space 3072K, 99% used [0x00000000eba00000,0x00000000ebcffa60,0x00000000ebd00000)
  to   space 3072K, 0% used [0x00000000ebd00000,0x00000000ebd00000,0x00000000ec000000)
 ParOldGen       total 87552K, used 87357K [0x00000000c0000000, 0x00000000c5580000, 0x00000000eab00000)
  object space 87552K, 99% used [0x00000000c0000000,0x00000000c554f718,0x00000000c5580000)
 Metaspace       used 49039K, committed 50176K, reserved 1114112K
  class space    used 5133K, committed 5632K, reserved 1048576K
}
Event: 7.455 GC heap before
{Heap before GC invocations=42 (full 2):
 PSYoungGen      total 16384K, used 16382K [0x00000000eab00000, 0x00000000ec000000, 0x0000000100000000)
  eden space 13312K, 100% used [0x00000000eab00000,0x00000000eb800000,0x00000000eb800000)
  from space 3072K, 99% used [0x00000000eba00000,0x00000000ebcffa60,0x00000000ebd00000)
  to   space 3072K, 0% used [0x00000000ebd00000,0x00000000ebd00000,0x00000000ec000000)
 ParOldGen       total 87552K, used 87357K [0x00000000c0000000, 0x00000000c5580000, 0x00000000eab00000)
  object space 87552K, 99% used [0x00000000c0000000,0x00000000c554f718,0x00000000c5580000)
 Metaspace       used 49039K, committed 50176K, reserved 1114112K
  class space    used 5133K, committed 5632K, reserved 1048576K
}
Event: 7.459 GC heap after
{Heap after GC invocations=42 (full 2):
 PSYoungGen      total 16384K, used 3042K [0x00000000eab00000, 0x00000000ec000000, 0x0000000100000000)
  eden space 13312K, 0% used [0x00000000eab00000,0x00000000eab00000,0x00000000eb800000)
  from space 3072K, 99% used [0x00000000ebd00000,0x00000000ebff8a28,0x00000000ec000000)
  to   space 3584K, 0% used [0x00000000eb900000,0x00000000eb900000,0x00000000ebc80000)
 ParOldGen       total 90624K, used 90361K [0x00000000c0000000, 0x00000000c5880000, 0x00000000eab00000)
  object space 90624K, 99% used [0x00000000c0000000,0x00000000c583e418,0x00000000c5880000)
 Metaspace       used 49039K, committed 50176K, reserved 1114112K
  class space    used 5133K, committed 5632K, reserved 1048576K
}
Event: 7.486 GC heap before
{Heap before GC invocations=43 (full 2):
 PSYoungGen      total 16384K, used 16354K [0x00000000eab00000, 0x00000000ec000000, 0x0000000100000000)
  eden space 13312K, 100% used [0x00000000eab00000,0x00000000eb800000,0x00000000eb800000)
  from space 3072K, 99% used [0x00000000ebd00000,0x00000000ebff8a28,0x00000000ec000000)
  to   space 3584K, 0% used [0x00000000eb900000,0x00000000eb900000,0x00000000ebc80000)
 ParOldGen       total 90624K, used 90361K [0x00000000c0000000, 0x00000000c5880000, 0x00000000eab00000)
  object space 90624K, 99% used [0x00000000c0000000,0x00000000c583e418,0x00000000c5880000)
 Metaspace       used 49039K, committed 50176K, reserved 1114112K
  class space    used 5133K, committed 5632K, reserved 1048576K
}
Event: 7.489 GC heap after
{Heap after GC invocations=43 (full 2):
 PSYoungGen      total 16896K, used 3238K [0x00000000eab00000, 0x00000000ebf00000, 0x0000000100000000)
  eden space 13312K, 0% used [0x00000000eab00000,0x00000000eab00000,0x00000000eb800000)
  from space 3584K, 90% used [0x00000000eb900000,0x00000000ebc29af0,0x00000000ebc80000)
  to   space 2560K, 0% used [0x00000000ebc80000,0x00000000ebc80000,0x00000000ebf00000)
 ParOldGen       total 93696K, used 93224K [0x00000000c0000000, 0x00000000c5b80000, 0x00000000eab00000)
  object space 93696K, 99% used [0x00000000c0000000,0x00000000c5b0a090,0x00000000c5b80000)
 Metaspace       used 49039K, committed 50176K, reserved 1114112K
  class space    used 5133K, committed 5632K, reserved 1048576K
}
Event: 7.542 GC heap before
{Heap before GC invocations=44 (full 2):
 PSYoungGen      total 16896K, used 16550K [0x00000000eab00000, 0x00000000ebf00000, 0x0000000100000000)
  eden space 13312K, 100% used [0x00000000eab00000,0x00000000eb800000,0x00000000eb800000)
  from space 3584K, 90% used [0x00000000eb900000,0x00000000ebc29af0,0x00000000ebc80000)
  to   space 2560K, 0% used [0x00000000ebc80000,0x00000000ebc80000,0x00000000ebf00000)
 ParOldGen       total 93696K, used 93224K [0x00000000c0000000, 0x00000000c5b80000, 0x00000000eab00000)
  object space 93696K, 99% used [0x00000000c0000000,0x00000000c5b0a090,0x00000000c5b80000)
 Metaspace       used 49040K, committed 50176K, reserved 1114112K
  class space    used 5133K, committed 5632K, reserved 1048576K
}
Event: 7.547 GC heap after
{Heap after GC invocations=44 (full 2):
 PSYoungGen      total 13312K, used 2549K [0x00000000eab00000, 0x00000000ec600000, 0x0000000100000000)
  eden space 10752K, 0% used [0x00000000eab00000,0x00000000eab00000,0x00000000eb580000)
  from space 2560K, 99% used [0x00000000ebc80000,0x00000000ebefd630,0x00000000ebf00000)
  to   space 7168K, 0% used [0x00000000eb580000,0x00000000eb580000,0x00000000ebc80000)
 ParOldGen       total 97280K, used 97118K [0x00000000c0000000, 0x00000000c5f00000, 0x00000000eab00000)
  object space 97280K, 99% used [0x00000000c0000000,0x00000000c5ed7b00,0x00000000c5f00000)
 Metaspace       used 49040K, committed 50176K, reserved 1114112K
  class space    used 5133K, committed 5632K, reserved 1048576K
}
Event: 7.586 GC heap before
{Heap before GC invocations=45 (full 2):
 PSYoungGen      total 13312K, used 13301K [0x00000000eab00000, 0x00000000ec600000, 0x0000000100000000)
  eden space 10752K, 100% used [0x00000000eab00000,0x00000000eb580000,0x00000000eb580000)
  from space 2560K, 99% used [0x00000000ebc80000,0x00000000ebefd630,0x00000000ebf00000)
  to   space 7168K, 0% used [0x00000000eb580000,0x00000000eb580000,0x00000000ebc80000)
 ParOldGen       total 97280K, used 97118K [0x00000000c0000000, 0x00000000c5f00000, 0x00000000eab00000)
  object space 97280K, 99% used [0x00000000c0000000,0x00000000c5ed7b00,0x00000000c5f00000)
 Metaspace       used 49040K, committed 50176K, reserved 1114112K
  class space    used 5133K, committed 5632K, reserved 1048576K
}
Event: 7.590 GC heap after
{Heap after GC invocations=45 (full 2):
 PSYoungGen      total 13312K, used 2544K [0x00000000eab00000, 0x00000000ebd80000, 0x0000000100000000)
  eden space 10752K, 0% used [0x00000000eab00000,0x00000000eab00000,0x00000000eb580000)
  from space 2560K, 99% used [0x00000000eb580000,0x00000000eb7fc1c0,0x00000000eb800000)
  to   space 4096K, 0% used [0x00000000eb980000,0x00000000eb980000,0x00000000ebd80000)
 ParOldGen       total 99840K, used 99614K [0x00000000c0000000, 0x00000000c6180000, 0x00000000eab00000)
  object space 99840K, 99% used [0x00000000c0000000,0x00000000c6147978,0x00000000c6180000)
 Metaspace       used 49040K, committed 50176K, reserved 1114112K
  class space    used 5133K, committed 5632K, reserved 1048576K
}
Event: 7.633 GC heap before
{Heap before GC invocations=46 (full 2):
 PSYoungGen      total 13312K, used 13296K [0x00000000eab00000, 0x00000000ebd80000, 0x0000000100000000)
  eden space 10752K, 100% used [0x00000000eab00000,0x00000000eb580000,0x00000000eb580000)
  from space 2560K, 99% used [0x00000000eb580000,0x00000000eb7fc1c0,0x00000000eb800000)
  to   space 4096K, 0% used [0x00000000eb980000,0x00000000eb980000,0x00000000ebd80000)
 ParOldGen       total 99840K, used 99614K [0x00000000c0000000, 0x00000000c6180000, 0x00000000eab00000)
  object space 99840K, 99% used [0x00000000c0000000,0x00000000c6147978,0x00000000c6180000)
 Metaspace       used 49040K, committed 50176K, reserved 1114112K
  class space    used 5133K, committed 5632K, reserved 1048576K
}
Event: 7.636 GC heap after
{Heap after GC invocations=46 (full 2):
 PSYoungGen      total 13824K, used 2674K [0x00000000eab00000, 0x00000000ebc80000, 0x0000000100000000)
  eden space 10752K, 0% used [0x00000000eab00000,0x00000000eab00000,0x00000000eb580000)
  from space 3072K, 87% used [0x00000000eb980000,0x00000000ebc1cac0,0x00000000ebc80000)
  to   space 3072K, 0% used [0x00000000eb680000,0x00000000eb680000,0x00000000eb980000)
 ParOldGen       total 102400K, used 102085K [0x00000000c0000000, 0x00000000c6400000, 0x00000000eab00000)
  object space 102400K, 99% used [0x00000000c0000000,0x00000000c63b1640,0x00000000c6400000)
 Metaspace       used 49040K, committed 50176K, reserved 1114112K
  class space    used 5133K, committed 5632K, reserved 1048576K
}
Event: 7.731 GC heap before
{Heap before GC invocations=47 (full 2):
 PSYoungGen      total 13824K, used 13426K [0x00000000eab00000, 0x00000000ebc80000, 0x0000000100000000)
  eden space 10752K, 100% used [0x00000000eab00000,0x00000000eb580000,0x00000000eb580000)
  from space 3072K, 87% used [0x00000000eb980000,0x00000000ebc1cac0,0x00000000ebc80000)
  to   space 3072K, 0% used [0x00000000eb680000,0x00000000eb680000,0x00000000eb980000)
 ParOldGen       total 102400K, used 102085K [0x00000000c0000000, 0x00000000c6400000, 0x00000000eab00000)
  object space 102400K, 99% used [0x00000000c0000000,0x00000000c63b1640,0x00000000c6400000)
 Metaspace       used 49040K, committed 50176K, reserved 1114112K
  class space    used 5133K, committed 5632K, reserved 1048576K
}
Event: 7.737 GC heap after
{Heap after GC invocations=47 (full 2):
 PSYoungGen      total 13312K, used 2208K [0x00000000eab00000, 0x00000000eba80000, 0x0000000100000000)
  eden space 10752K, 0% used [0x00000000eab00000,0x00000000eab00000,0x00000000eb580000)
  from space 2560K, 86% used [0x00000000eb680000,0x00000000eb8a8278,0x00000000eb900000)
  to   space 1536K, 0% used [0x00000000eb900000,0x00000000eb900000,0x00000000eba80000)
 ParOldGen       total 106496K, used 106361K [0x00000000c0000000, 0x00000000c6800000, 0x00000000eab00000)
  object space 106496K, 99% used [0x00000000c0000000,0x00000000c67de430,0x00000000c6800000)
 Metaspace       used 49040K, committed 50176K, reserved 1114112K
  class space    used 5133K, committed 5632K, reserved 1048576K
}
Event: 7.779 GC heap before
{Heap before GC invocations=48 (full 2):
 PSYoungGen      total 13312K, used 12960K [0x00000000eab00000, 0x00000000eba80000, 0x0000000100000000)
  eden space 10752K, 100% used [0x00000000eab00000,0x00000000eb580000,0x00000000eb580000)
  from space 2560K, 86% used [0x00000000eb680000,0x00000000eb8a8278,0x00000000eb900000)
  to   space 1536K, 0% used [0x00000000eb900000,0x00000000eb900000,0x00000000eba80000)
 ParOldGen       total 106496K, used 106361K [0x00000000c0000000, 0x00000000c6800000, 0x00000000eab00000)
  object space 106496K, 99% used [0x00000000c0000000,0x00000000c67de430,0x00000000c6800000)
 Metaspace       used 49040K, committed 50176K, reserved 1114112K
  class space    used 5133K, committed 5632K, reserved 1048576K
}
Event: 7.784 GC heap after
{Heap after GC invocations=48 (full 2):
 PSYoungGen      total 10752K, used 1521K [0x00000000eab00000, 0x00000000ebf80000, 0x0000000100000000)
  eden space 9216K, 0% used [0x00000000eab00000,0x00000000eab00000,0x00000000eb400000)
  from space 1536K, 99% used [0x00000000eb900000,0x00000000eba7c580,0x00000000eba80000)
  to   space 5120K, 0% used [0x00000000eb400000,0x00000000eb400000,0x00000000eb900000)
 ParOldGen       total 109568K, used 109493K [0x00000000c0000000, 0x00000000c6b00000, 0x00000000eab00000)
  object space 109568K, 99% used [0x00000000c0000000,0x00000000c6aed660,0x00000000c6b00000)
 Metaspace       used 49040K, committed 50176K, reserved 1114112K
  class space    used 5133K, committed 5632K, reserved 1048576K
}

