# JRE version: Java(TM) SE Runtime Environment (17.0.12+8) (build 17.0.12+8-LTS-286)
# Java VM: Java HotSpot(TM) 64-Bit Server VM (17.0.12+8-LTS-286, mixed mode, sharing, tiered, compressed oops, compressed class ptrs, g1 gc, windows-amd64)
GC Precious Log:
 CPUs: 6 total, 6 available
 Memory: 16328M
 Large Page Support: Disabled
 NUMA Support: Disabled
 Compressed Oops: Enabled (32-bit)
 Heap Region Size: 1M
 Heap Min Capacity: 256M
 Heap Initial Capacity: 256M
 Heap Max Capacity: 512M
 Pre-touch: Disabled
 Parallel Workers: 6
 Concurrent Workers: 2
 Concurrent Refinement Workers: 6
 Periodic GC: Disabled
Heap:
 garbage-first heap   total 262144K, used 182621K [0x00000000e0000000, 0x0000000100000000)
  region size 1024K, 98 young (100352K), 9 survivors (9216K)
 Metaspace       used 91141K, committed 92032K, reserved 458752K
  class space    used 12674K, committed 13056K, reserved 327680K
GC Heap History (20 events):
Event: 1.148 GC heap before
{Heap before GC invocations=2 (full 0):
 garbage-first heap   total 262144K, used 52526K [0x00000000e0000000, 0x0000000100000000)
  region size 1024K, 44 young (45056K), 5 survivors (5120K)
 Metaspace       used 4439K, committed 4608K, reserved 393216K
  class space    used 540K, committed 640K, reserved 327680K
}
Event: 1.152 GC heap after
{Heap after GC invocations=3 (full 0):
 garbage-first heap   total 262144K, used 15363K [0x00000000e0000000, 0x0000000100000000)
  region size 1024K, 5 young (5120K), 5 survivors (5120K)
 Metaspace       used 4439K, committed 4608K, reserved 393216K
  class space    used 540K, committed 640K, reserved 327680K
}
Event: 2.806 GC heap before
{Heap before GC invocations=3 (full 0):
 garbage-first heap   total 262144K, used 133123K [0x00000000e0000000, 0x0000000100000000)
  region size 1024K, 121 young (123904K), 5 survivors (5120K)
 Metaspace       used 21169K, committed 21504K, reserved 393216K
  class space    used 3089K, committed 3264K, reserved 327680K
}
Event: 2.817 GC heap after
{Heap after GC invocations=4 (full 0):
 garbage-first heap   total 262144K, used 22885K [0x00000000e0000000, 0x0000000100000000)
  region size 1024K, 12 young (12288K), 12 survivors (12288K)
 Metaspace       used 21169K, committed 21504K, reserved 393216K
  class space    used 3089K, committed 3264K, reserved 327680K
}
Event: 4.050 GC heap before
{Heap before GC invocations=5 (full 0):
 garbage-first heap   total 262144K, used 142693K [0x00000000e0000000, 0x0000000100000000)
  region size 1024K, 131 young (134144K), 12 survivors (12288K)
 Metaspace       used 35635K, committed 35968K, reserved 393216K
  class space    used 5088K, committed 5248K, reserved 327680K
}
Event: 4.063 GC heap after
{Heap after GC invocations=6 (full 0):
 garbage-first heap   total 262144K, used 31977K [0x00000000e0000000, 0x0000000100000000)
  region size 1024K, 17 young (17408K), 17 survivors (17408K)
 Metaspace       used 35635K, committed 35968K, reserved 393216K
  class space    used 5088K, committed 5248K, reserved 327680K
}
Event: 5.559 GC heap before
{Heap before GC invocations=7 (full 0):
 garbage-first heap   total 262144K, used 177385K [0x00000000e0000000, 0x0000000100000000)
  region size 1024K, 153 young (156672K), 17 survivors (17408K)
 Metaspace       used 46568K, committed 47104K, reserved 393216K
  class space    used 6532K, committed 6784K, reserved 327680K
}
Event: 5.573 GC heap after
{Heap after GC invocations=8 (full 0):
 garbage-first heap   total 262144K, used 37926K [0x00000000e0000000, 0x0000000100000000)
  region size 1024K, 15 young (15360K), 15 survivors (15360K)
 Metaspace       used 46568K, committed 47104K, reserved 393216K
  class space    used 6532K, committed 6784K, reserved 327680K
}
Event: 6.647 GC heap before
{Heap before GC invocations=8 (full 0):
 garbage-first heap   total 262144K, used 183334K [0x00000000e0000000, 0x0000000100000000)
  region size 1024K, 153 young (156672K), 15 survivors (15360K)
 Metaspace       used 54017K, committed 54656K, reserved 393216K
  class space    used 7708K, committed 8000K, reserved 327680K
}
Event: 6.664 GC heap after
{Heap after GC invocations=9 (full 0):
 garbage-first heap   total 262144K, used 54922K [0x00000000e0000000, 0x0000000100000000)
  region size 1024K, 20 young (20480K), 20 survivors (20480K)
 Metaspace       used 54017K, committed 54656K, reserved 393216K
  class space    used 7708K, committed 8000K, reserved 327680K
}
Event: 8.162 GC heap before
{Heap before GC invocations=9 (full 0):
 garbage-first heap   total 262144K, used 153226K [0x00000000e0000000, 0x0000000100000000)
  region size 1024K, 117 young (119808K), 20 survivors (20480K)
 Metaspace       used 59531K, committed 60096K, reserved 393216K
  class space    used 8516K, committed 8768K, reserved 327680K
}
Event: 8.183 GC heap after
{Heap after GC invocations=10 (full 0):
 garbage-first heap   total 262144K, used 61408K [0x00000000e0000000, 0x0000000100000000)
  region size 1024K, 8 young (8192K), 8 survivors (8192K)
 Metaspace       used 59531K, committed 60096K, reserved 393216K
  class space    used 8516K, committed 8768K, reserved 327680K
}
Event: 9.930 GC heap before
{Heap before GC invocations=11 (full 0):
 garbage-first heap   total 262144K, used 204768K [0x00000000e0000000, 0x0000000100000000)
  region size 1024K, 147 young (150528K), 8 survivors (8192K)
 Metaspace       used 73204K, committed 73984K, reserved 393216K
  class space    used 10441K, committed 10752K, reserved 327680K
}
Event: 9.944 GC heap after
{Heap after GC invocations=12 (full 0):
 garbage-first heap   total 262144K, used 78814K [0x00000000e0000000, 0x0000000100000000)
  region size 1024K, 19 young (19456K), 19 survivors (19456K)
 Metaspace       used 73204K, committed 73984K, reserved 393216K
  class space    used 10441K, committed 10752K, reserved 327680K
}
Event: 10.950 GC heap before
{Heap before GC invocations=12 (full 0):
 garbage-first heap   total 262144K, used 200670K [0x00000000e0000000, 0x0000000100000000)
  region size 1024K, 139 young (142336K), 19 survivors (19456K)
 Metaspace       used 78935K, committed 79680K, reserved 458752K
  class space    used 11189K, committed 11520K, reserved 327680K
}
Event: 10.965 GC heap after
{Heap after GC invocations=13 (full 0):
 garbage-first heap   total 262144K, used 86293K [0x00000000e0000000, 0x0000000100000000)
  region size 1024K, 12 young (12288K), 12 survivors (12288K)
 Metaspace       used 78935K, committed 79680K, reserved 458752K
  class space    used 11189K, committed 11520K, reserved 327680K
}
Event: 16.027 GC heap before
{Heap before GC invocations=13 (full 0):
 garbage-first heap   total 262144K, used 200981K [0x00000000e0000000, 0x0000000100000000)
  region size 1024K, 125 young (128000K), 12 survivors (12288K)
 Metaspace       used 80691K, committed 81472K, reserved 458752K
  class space    used 11390K, committed 11712K, reserved 327680K
}
Event: 16.038 GC heap after
{Heap after GC invocations=14 (full 0):
 garbage-first heap   total 262144K, used 88838K [0x00000000e0000000, 0x0000000100000000)
  region size 1024K, 4 young (4096K), 4 survivors (4096K)
 Metaspace       used 80691K, committed 81472K, reserved 458752K
  class space    used 11390K, committed 11712K, reserved 327680K
}
Event: 299.552 GC heap before
{Heap before GC invocations=14 (full 0):
 garbage-first heap   total 262144K, used 205574K [0x00000000e0000000, 0x0000000100000000)
  region size 1024K, 119 young (121856K), 4 survivors (4096K)
 Metaspace       used 89437K, committed 90240K, reserved 458752K
  class space    used 12478K, committed 12864K, reserved 327680K
}
Event: 299.557 GC heap after
{Heap after GC invocations=15 (full 0):
 garbage-first heap   total 262144K, used 93533K [0x00000000e0000000, 0x0000000100000000)
  region size 1024K, 9 young (9216K), 9 survivors (9216K)
 Metaspace       used 89437K, committed 90240K, reserved 458752K
  class space    used 12478K, committed 12864K, reserved 327680K
}

